Internal Server Error: /api/verify-email/
Traceback (most recent call last):
  File "/home/ubuntu/bullposter/programs/views.py", line 207, in verify_email
    keypair, _ = Keypair.objects.get_or_create(user=user)
                                                    ^^^^
NameError: name 'user' is not defined

During handling of the above exception, another exception occurred:

Traceback (most recent call last):
  File "/home/ubuntu/bullposter/env/lib/python3.12/site-packages/django/core/handlers/exception.py", line 55, in inner
    response = get_response(request)
               ^^^^^^^^^^^^^^^^^^^^^
  File "/home/ubuntu/bullposter/env/lib/python3.12/site-packages/django/core/handlers/base.py", line 197, in _get_response
    response = wrapped_callback(request, *callback_args, **callback_kwargs)
               ^^^^^^^^^^^^^^^^^^^^^^^^^^^^^^^^^^^^^^^^^^^^^^^^^^^^^^^^^^^^
  File "/home/ubuntu/bullposter/env/lib/python3.12/site-packages/django/views/decorators/csrf.py", line 65, in _view_wrapper
    return view_func(request, *args, **kwargs)
           ^^^^^^^^^^^^^^^^^^^^^^^^^^^^^^^^^^^
  File "/home/ubuntu/bullposter/env/lib/python3.12/site-packages/django/contrib/auth/decorators.py", line 60, in _view_wrapper
    return view_func(request, *args, **kwargs)
           ^^^^^^^^^^^^^^^^^^^^^^^^^^^^^^^^^^^
  File "/home/ubuntu/bullposter/programs/views.py", line 226, in verify_email
    except User.DoesNotExist:
           ^^^^
NameError: name 'User' is not defined
Internal Server Error: /api/presale-status/
Internal Server Error: /api/auth/login/
Internal Server Error: /api/presale-status/
Internal Server Error: /api/presale-status/
Internal Server Error: /api/presale-status/
Internal Server Error: /api/presale-status/
Internal Server Error: /api/presale-status/
Internal Server Error: /api/presale-status/
Internal Server Error: /api/presale-status/
Internal Server Error: /api/presale-status/
Internal Server Error: /api/presale-status/
Internal Server Error: /api/presale-status/
Internal Server Error: /api/presale-status/
Internal Server Error: /api/auth/login/
Internal Server Error: /api/presale-status/
Internal Server Error: /api/presale-status/
Internal Server Error: /api/presale-status/
Internal Server Error: /api/auth/login/
Internal Server Error: /api/presale-status/
Internal Server Error: /api/auth/login/
Internal Server Error: /api/presale-status/
Internal Server Error: /api/presale-status/
Internal Server Error: /api/auth/login/
Internal Server Error: /api/presale-status/
Internal Server Error: /api/presale-status/
Internal Server Error: /api/presale-status/
Internal Server Error: /api/presale-status/
Internal Server Error: /api/presale-status/
Internal Server Error: /api/presale-status/
Internal Server Error: /api/presale-status/
Internal Server Error: /api/presale-status/
Internal Server Error: /api/presale-status/
Internal Server Error: /api/presale-status/
Internal Server Error: /api/presale-status/
Internal Server Error: /api/presale-status/
Internal Server Error: /api/presale-status/
Internal Server Error: /api/presale-status/
Internal Server Error: /api/presale-status/
Internal Server Error: /api/presale-status/
Internal Server Error: /api/presale-status/
Internal Server Error: /api/presale-status/
